-------------------------------------------------------------------------------
Test set: wl.seckill.service.impl.SeckillServiceImplTest
-------------------------------------------------------------------------------
Tests run: 5, Failures: 0, Errors: 5, Skipped: 0, Time elapsed: 5.015 s <<< FAILURE! - in wl.seckill.service.impl.SeckillServiceImplTest
executeSeckillProcedure(wl.seckill.service.impl.SeckillServiceImplTest)  Time elapsed: 0.968 s  <<< ERROR!
org.mybatis.spring.MyBatisSystemException: 
nested exception is org.apache.ibatis.exceptions.PersistenceException: 
### Error querying database.  Cause: org.springframework.jdbc.CannotGetJdbcConnectionException: Could not get JDBC Connection; nested exception is java.sql.SQLException: Connections could not be acquired from the underlying database!
### The error may exist in file [D:\Users\bsx\workspace-IJ\web\seckill\target\classes\mapper\SeckillDao.xml]
### The error may involve wl.seckill.dao.SeckillDao.queryById
### The error occurred while executing a query
### Cause: org.springframework.jdbc.CannotGetJdbcConnectionException: Could not get JDBC Connection; nested exception is java.sql.SQLException: Connections could not be acquired from the underlying database!
	at wl.seckill.service.impl.SeckillServiceImplTest.executeSeckillProcedure(SeckillServiceImplTest.java:86)
Caused by: org.apache.ibatis.exceptions.PersistenceException: 

### Error querying database.  Cause: org.springframework.jdbc.CannotGetJdbcConnectionException: Could not get JDBC Connection; nested exception is java.sql.SQLException: Connections could not be acquired from the underlying database!
### The error may exist in file [D:\Users\bsx\workspace-IJ\web\seckill\target\classes\mapper\SeckillDao.xml]
### The error may involve wl.seckill.dao.SeckillDao.queryById
### The error occurred while executing a query
### Cause: org.springframework.jdbc.CannotGetJdbcConnectionException: Could not get JDBC Connection; nested exception is java.sql.SQLException: Connections could not be acquired from the underlying database!
	at wl.seckill.service.impl.SeckillServiceImplTest.executeSeckillProcedure(SeckillServiceImplTest.java:86)
Caused by: org.springframework.jdbc.CannotGetJdbcConnectionException: Could not get JDBC Connection; nested exception is java.sql.SQLException: Connections could not be acquired from the underlying database!
	at wl.seckill.service.impl.SeckillServiceImplTest.executeSeckillProcedure(SeckillServiceImplTest.java:86)
Caused by: java.sql.SQLException: Connections could not be acquired from the underlying database!
	at wl.seckill.service.impl.SeckillServiceImplTest.executeSeckillProcedure(SeckillServiceImplTest.java:86)
Caused by: com.mchange.v2.resourcepool.CannotAcquireResourceException: A ResourcePool could not acquire a resource from its primary factory or source.
	at wl.seckill.service.impl.SeckillServiceImplTest.executeSeckillProcedure(SeckillServiceImplTest.java:86)

executeSeckill(wl.seckill.service.impl.SeckillServiceImplTest)  Time elapsed: 0.993 s  <<< ERROR!
org.springframework.transaction.CannotCreateTransactionException: Could not open JDBC Connection for transaction; nested exception is java.sql.SQLException: Connections could not be acquired from the underlying database!
	at wl.seckill.service.impl.SeckillServiceImplTest.executeSeckill(SeckillServiceImplTest.java:78)
Caused by: java.sql.SQLException: Connections could not be acquired from the underlying database!
	at wl.seckill.service.impl.SeckillServiceImplTest.executeSeckill(SeckillServiceImplTest.java:78)
Caused by: com.mchange.v2.resourcepool.CannotAcquireResourceException: A ResourcePool could not acquire a resource from its primary factory or source.
	at wl.seckill.service.impl.SeckillServiceImplTest.executeSeckill(SeckillServiceImplTest.java:78)

seckillLogic(wl.seckill.service.impl.SeckillServiceImplTest)  Time elapsed: 1.026 s  <<< ERROR!
org.mybatis.spring.MyBatisSystemException: 
nested exception is org.apache.ibatis.exceptions.PersistenceException: 
### Error querying database.  Cause: org.springframework.jdbc.CannotGetJdbcConnectionException: Could not get JDBC Connection; nested exception is java.sql.SQLException: Connections could not be acquired from the underlying database!
### The error may exist in file [D:\Users\bsx\workspace-IJ\web\seckill\target\classes\mapper\SeckillDao.xml]
### The error may involve wl.seckill.dao.SeckillDao.queryById
### The error occurred while executing a query
### Cause: org.springframework.jdbc.CannotGetJdbcConnectionException: Could not get JDBC Connection; nested exception is java.sql.SQLException: Connections could not be acquired from the underlying database!
	at wl.seckill.service.impl.SeckillServiceImplTest.seckillLogic(SeckillServiceImplTest.java:55)
Caused by: org.apache.ibatis.exceptions.PersistenceException: 

### Error querying database.  Cause: org.springframework.jdbc.CannotGetJdbcConnectionException: Could not get JDBC Connection; nested exception is java.sql.SQLException: Connections could not be acquired from the underlying database!
### The error may exist in file [D:\Users\bsx\workspace-IJ\web\seckill\target\classes\mapper\SeckillDao.xml]
### The error may involve wl.seckill.dao.SeckillDao.queryById
### The error occurred while executing a query
### Cause: org.springframework.jdbc.CannotGetJdbcConnectionException: Could not get JDBC Connection; nested exception is java.sql.SQLException: Connections could not be acquired from the underlying database!
	at wl.seckill.service.impl.SeckillServiceImplTest.seckillLogic(SeckillServiceImplTest.java:55)
Caused by: org.springframework.jdbc.CannotGetJdbcConnectionException: Could not get JDBC Connection; nested exception is java.sql.SQLException: Connections could not be acquired from the underlying database!
	at wl.seckill.service.impl.SeckillServiceImplTest.seckillLogic(SeckillServiceImplTest.java:55)
Caused by: java.sql.SQLException: Connections could not be acquired from the underlying database!
	at wl.seckill.service.impl.SeckillServiceImplTest.seckillLogic(SeckillServiceImplTest.java:55)
Caused by: com.mchange.v2.resourcepool.CannotAcquireResourceException: A ResourcePool could not acquire a resource from its primary factory or source.
	at wl.seckill.service.impl.SeckillServiceImplTest.seckillLogic(SeckillServiceImplTest.java:55)

getSeckillById(wl.seckill.service.impl.SeckillServiceImplTest)  Time elapsed: 1.004 s  <<< ERROR!
org.mybatis.spring.MyBatisSystemException: 
nested exception is org.apache.ibatis.exceptions.PersistenceException: 
### Error querying database.  Cause: org.springframework.jdbc.CannotGetJdbcConnectionException: Could not get JDBC Connection; nested exception is java.sql.SQLException: Connections could not be acquired from the underlying database!
### The error may exist in file [D:\Users\bsx\workspace-IJ\web\seckill\target\classes\mapper\SeckillDao.xml]
### The error may involve wl.seckill.dao.SeckillDao.queryById
### The error occurred while executing a query
### Cause: org.springframework.jdbc.CannotGetJdbcConnectionException: Could not get JDBC Connection; nested exception is java.sql.SQLException: Connections could not be acquired from the underlying database!
	at wl.seckill.service.impl.SeckillServiceImplTest.getSeckillById(SeckillServiceImplTest.java:45)
Caused by: org.apache.ibatis.exceptions.PersistenceException: 

### Error querying database.  Cause: org.springframework.jdbc.CannotGetJdbcConnectionException: Could not get JDBC Connection; nested exception is java.sql.SQLException: Connections could not be acquired from the underlying database!
### The error may exist in file [D:\Users\bsx\workspace-IJ\web\seckill\target\classes\mapper\SeckillDao.xml]
### The error may involve wl.seckill.dao.SeckillDao.queryById
### The error occurred while executing a query
### Cause: org.springframework.jdbc.CannotGetJdbcConnectionException: Could not get JDBC Connection; nested exception is java.sql.SQLException: Connections could not be acquired from the underlying database!
	at wl.seckill.service.impl.SeckillServiceImplTest.getSeckillById(SeckillServiceImplTest.java:45)
Caused by: org.springframework.jdbc.CannotGetJdbcConnectionException: Could not get JDBC Connection; nested exception is java.sql.SQLException: Connections could not be acquired from the underlying database!
	at wl.seckill.service.impl.SeckillServiceImplTest.getSeckillById(SeckillServiceImplTest.java:45)
Caused by: java.sql.SQLException: Connections could not be acquired from the underlying database!
	at wl.seckill.service.impl.SeckillServiceImplTest.getSeckillById(SeckillServiceImplTest.java:45)
Caused by: com.mchange.v2.resourcepool.CannotAcquireResourceException: A ResourcePool could not acquire a resource from its primary factory or source.
	at wl.seckill.service.impl.SeckillServiceImplTest.getSeckillById(SeckillServiceImplTest.java:45)

getSeckillList(wl.seckill.service.impl.SeckillServiceImplTest)  Time elapsed: 1.003 s  <<< ERROR!
org.mybatis.spring.MyBatisSystemException: 
nested exception is org.apache.ibatis.exceptions.PersistenceException: 
### Error querying database.  Cause: org.springframework.jdbc.CannotGetJdbcConnectionException: Could not get JDBC Connection; nested exception is java.sql.SQLException: Connections could not be acquired from the underlying database!
### The error may exist in file [D:\Users\bsx\workspace-IJ\web\seckill\target\classes\mapper\SeckillDao.xml]
### The error may involve wl.seckill.dao.SeckillDao.queryAll
### The error occurred while executing a query
### Cause: org.springframework.jdbc.CannotGetJdbcConnectionException: Could not get JDBC Connection; nested exception is java.sql.SQLException: Connections could not be acquired from the underlying database!
	at wl.seckill.service.impl.SeckillServiceImplTest.getSeckillList(SeckillServiceImplTest.java:32)
Caused by: org.apache.ibatis.exceptions.PersistenceException: 

### Error querying database.  Cause: org.springframework.jdbc.CannotGetJdbcConnectionException: Could not get JDBC Connection; nested exception is java.sql.SQLException: Connections could not be acquired from the underlying database!
### The error may exist in file [D:\Users\bsx\workspace-IJ\web\seckill\target\classes\mapper\SeckillDao.xml]
### The error may involve wl.seckill.dao.SeckillDao.queryAll
### The error occurred while executing a query
### Cause: org.springframework.jdbc.CannotGetJdbcConnectionException: Could not get JDBC Connection; nested exception is java.sql.SQLException: Connections could not be acquired from the underlying database!
	at wl.seckill.service.impl.SeckillServiceImplTest.getSeckillList(SeckillServiceImplTest.java:32)
Caused by: org.springframework.jdbc.CannotGetJdbcConnectionException: Could not get JDBC Connection; nested exception is java.sql.SQLException: Connections could not be acquired from the underlying database!
	at wl.seckill.service.impl.SeckillServiceImplTest.getSeckillList(SeckillServiceImplTest.java:32)
Caused by: java.sql.SQLException: Connections could not be acquired from the underlying database!
	at wl.seckill.service.impl.SeckillServiceImplTest.getSeckillList(SeckillServiceImplTest.java:32)
Caused by: com.mchange.v2.resourcepool.CannotAcquireResourceException: A ResourcePool could not acquire a resource from its primary factory or source.
	at wl.seckill.service.impl.SeckillServiceImplTest.getSeckillList(SeckillServiceImplTest.java:32)

