-------------------------------------------------------------------------------
Test set: wl.seckill.dao.SeckillDaoTest
-------------------------------------------------------------------------------
Tests run: 3, Failures: 0, Errors: 3, Skipped: 0, Time elapsed: 2.906 s <<< FAILURE! - in wl.seckill.dao.SeckillDaoTest
queryById(wl.seckill.dao.SeckillDaoTest)  Time elapsed: 0.894 s  <<< ERROR!
org.mybatis.spring.MyBatisSystemException: 
nested exception is org.apache.ibatis.exceptions.PersistenceException: 
### Error querying database.  Cause: org.springframework.jdbc.CannotGetJdbcConnectionException: Could not get JDBC Connection; nested exception is java.sql.SQLException: Connections could not be acquired from the underlying database!
### The error may exist in file [D:\Users\bsx\workspace-IJ\web\seckill\target\classes\mapper\SeckillDao.xml]
### The error may involve wl.seckill.dao.SeckillDao.queryById
### The error occurred while executing a query
### Cause: org.springframework.jdbc.CannotGetJdbcConnectionException: Could not get JDBC Connection; nested exception is java.sql.SQLException: Connections could not be acquired from the underlying database!
	at wl.seckill.dao.SeckillDaoTest.queryById(SeckillDaoTest.java:35)
Caused by: org.apache.ibatis.exceptions.PersistenceException: 

### Error querying database.  Cause: org.springframework.jdbc.CannotGetJdbcConnectionException: Could not get JDBC Connection; nested exception is java.sql.SQLException: Connections could not be acquired from the underlying database!
### The error may exist in file [D:\Users\bsx\workspace-IJ\web\seckill\target\classes\mapper\SeckillDao.xml]
### The error may involve wl.seckill.dao.SeckillDao.queryById
### The error occurred while executing a query
### Cause: org.springframework.jdbc.CannotGetJdbcConnectionException: Could not get JDBC Connection; nested exception is java.sql.SQLException: Connections could not be acquired from the underlying database!
	at wl.seckill.dao.SeckillDaoTest.queryById(SeckillDaoTest.java:35)
Caused by: org.springframework.jdbc.CannotGetJdbcConnectionException: Could not get JDBC Connection; nested exception is java.sql.SQLException: Connections could not be acquired from the underlying database!
	at wl.seckill.dao.SeckillDaoTest.queryById(SeckillDaoTest.java:35)
Caused by: java.sql.SQLException: Connections could not be acquired from the underlying database!
	at wl.seckill.dao.SeckillDaoTest.queryById(SeckillDaoTest.java:35)
Caused by: com.mchange.v2.resourcepool.CannotAcquireResourceException: A ResourcePool could not acquire a resource from its primary factory or source.
	at wl.seckill.dao.SeckillDaoTest.queryById(SeckillDaoTest.java:35)

queryAll(wl.seckill.dao.SeckillDaoTest)  Time elapsed: 0.992 s  <<< ERROR!
org.mybatis.spring.MyBatisSystemException: 
nested exception is org.apache.ibatis.exceptions.PersistenceException: 
### Error querying database.  Cause: org.springframework.jdbc.CannotGetJdbcConnectionException: Could not get JDBC Connection; nested exception is java.sql.SQLException: Connections could not be acquired from the underlying database!
### The error may exist in file [D:\Users\bsx\workspace-IJ\web\seckill\target\classes\mapper\SeckillDao.xml]
### The error may involve wl.seckill.dao.SeckillDao.queryAll
### The error occurred while executing a query
### Cause: org.springframework.jdbc.CannotGetJdbcConnectionException: Could not get JDBC Connection; nested exception is java.sql.SQLException: Connections could not be acquired from the underlying database!
	at wl.seckill.dao.SeckillDaoTest.queryAll(SeckillDaoTest.java:45)
Caused by: org.apache.ibatis.exceptions.PersistenceException: 

### Error querying database.  Cause: org.springframework.jdbc.CannotGetJdbcConnectionException: Could not get JDBC Connection; nested exception is java.sql.SQLException: Connections could not be acquired from the underlying database!
### The error may exist in file [D:\Users\bsx\workspace-IJ\web\seckill\target\classes\mapper\SeckillDao.xml]
### The error may involve wl.seckill.dao.SeckillDao.queryAll
### The error occurred while executing a query
### Cause: org.springframework.jdbc.CannotGetJdbcConnectionException: Could not get JDBC Connection; nested exception is java.sql.SQLException: Connections could not be acquired from the underlying database!
	at wl.seckill.dao.SeckillDaoTest.queryAll(SeckillDaoTest.java:45)
Caused by: org.springframework.jdbc.CannotGetJdbcConnectionException: Could not get JDBC Connection; nested exception is java.sql.SQLException: Connections could not be acquired from the underlying database!
	at wl.seckill.dao.SeckillDaoTest.queryAll(SeckillDaoTest.java:45)
Caused by: java.sql.SQLException: Connections could not be acquired from the underlying database!
	at wl.seckill.dao.SeckillDaoTest.queryAll(SeckillDaoTest.java:45)
Caused by: com.mchange.v2.resourcepool.CannotAcquireResourceException: A ResourcePool could not acquire a resource from its primary factory or source.
	at wl.seckill.dao.SeckillDaoTest.queryAll(SeckillDaoTest.java:45)

reduceNumber(wl.seckill.dao.SeckillDaoTest)  Time elapsed: 1.002 s  <<< ERROR!
org.mybatis.spring.MyBatisSystemException: 
nested exception is org.apache.ibatis.exceptions.PersistenceException: 
### Error updating database.  Cause: org.springframework.jdbc.CannotGetJdbcConnectionException: Could not get JDBC Connection; nested exception is java.sql.SQLException: Connections could not be acquired from the underlying database!
### Cause: org.springframework.jdbc.CannotGetJdbcConnectionException: Could not get JDBC Connection; nested exception is java.sql.SQLException: Connections could not be acquired from the underlying database!
	at wl.seckill.dao.SeckillDaoTest.reduceNumber(SeckillDaoTest.java:28)
Caused by: org.apache.ibatis.exceptions.PersistenceException: 

### Error updating database.  Cause: org.springframework.jdbc.CannotGetJdbcConnectionException: Could not get JDBC Connection; nested exception is java.sql.SQLException: Connections could not be acquired from the underlying database!
### Cause: org.springframework.jdbc.CannotGetJdbcConnectionException: Could not get JDBC Connection; nested exception is java.sql.SQLException: Connections could not be acquired from the underlying database!
	at wl.seckill.dao.SeckillDaoTest.reduceNumber(SeckillDaoTest.java:28)
Caused by: org.springframework.jdbc.CannotGetJdbcConnectionException: Could not get JDBC Connection; nested exception is java.sql.SQLException: Connections could not be acquired from the underlying database!
	at wl.seckill.dao.SeckillDaoTest.reduceNumber(SeckillDaoTest.java:28)
Caused by: java.sql.SQLException: Connections could not be acquired from the underlying database!
	at wl.seckill.dao.SeckillDaoTest.reduceNumber(SeckillDaoTest.java:28)
Caused by: com.mchange.v2.resourcepool.CannotAcquireResourceException: A ResourcePool could not acquire a resource from its primary factory or source.
	at wl.seckill.dao.SeckillDaoTest.reduceNumber(SeckillDaoTest.java:28)

